!!!!!!!!!!!!!!!!!!!!!!!Dependency Test!!!!!!!!!!!!!!!!!!!!!
Artemis - Automated tester for JavaScript
Started: Thu Mar 3 16:05:21 2016
Compilation date: 03-03-2016_16:03:51
-----

/home/chungha/Artemis-2.0.0
Read done!!!
#Iteration: 0, 0.173225, 0
#Iteration2: 0, 1, 0, 0
#Iteration: 1, 0.190523, 9
#Iteration2: 1, 3, 0, 0
#Iteration: 2, 0.193675, 10
#Iteration2: 2, 5, 1, 1
#Iteration: 3, 0.19579, 21
#Iteration2: 3, 7, 2, 2
#Iteration: 4, 0.198034, 24
#Iteration2: 4, 9, 3, 3
#Iteration: 5, 0.200384, 24
#Iteration2: 5, 11, 4, 4
#Iteration: 6, 0.20345, 24
#Iteration2: 6, 13, 5, 5
#Iteration: 7, 0.206315, 24
#Iteration2: 7, 15, 6, 6
#Iteration: 8, 0.209405, 24
#Iteration2: 8, 17, 7, 7
#Iteration: 9, 0.212855, 24
#Iteration2: 9, 19, 8, 8
#Iteration: 10, 0.216297, 24
#Iteration2: 10, 21, 9, 9
#Iteration: 11, 0.220156, 24
#Iteration2: 11, 23, 10, 10
#Iteration: 12, 0.22429, 34
#Iteration2: 12, 25, 11, 11
#Iteration: 13, 0.228684, 34
#Iteration2: 13, 27, 12, 12
#Iteration: 14, 0.233484, 34
#Iteration2: 14, 29, 13, 13
#Iteration: 15, 0.238367, 34
#Iteration2: 15, 31, 14, 14
#Iteration: 16, 0.243866, 34
#Iteration2: 16, 33, 15, 15
#Iteration: 17, 0.249569, 34
#Iteration2: 17, 35, 16, 16
#Iteration: 18, 0.256008, 34
#Iteration2: 18, 37, 17, 17
#Iteration: 19, 0.262318, 34
#Iteration2: 19, 39, 18, 18
#Iteration: 20, 0.268987, 34
#Iteration2: 20, 41, 19, 19
#Iteration: 21, 0.275571, 34
#Iteration2: 21, 43, 20, 20
#Iteration: 22, 0.283038, 34
#Iteration2: 22, 45, 21, 21
#Iteration: 23, 0.290388, 34
#Iteration2: 23, 47, 22, 22
#Iteration: 24, 0.298384, 34
#Iteration2: 24, 49, 23, 23
#Iteration: 25, 0.305909, 34
#Iteration2: 25, 51, 24, 24
#Iteration: 26, 0.314789, 34
#Iteration2: 26, 53, 25, 25
#Iteration: 27, 0.322952, 34
#Iteration2: 27, 55, 26, 26
#Iteration: 28, 0.332613, 34
#Iteration2: 28, 57, 27, 27
#Iteration: 29, 0.341562, 34
#Iteration2: 29, 59, 28, 28
#Iteration: 30, 0.351796, 34
#Iteration2: 30, 61, 29, 29
#Iteration: 31, 0.36117, 34
#Iteration2: 31, 63, 30, 30
#Iteration: 32, 0.37208, 34
#Iteration2: 32, 65, 31, 31
#Iteration: 33, 0.382391, 34
#Iteration2: 33, 67, 32, 32
#Iteration: 34, 0.394096, 34
#Iteration2: 34, 69, 33, 33
#Iteration: 35, 0.404189, 34
#Iteration2: 35, 71, 34, 34
#Iteration: 36, 0.415927, 34
#Iteration2: 36, 73, 35, 35
#Iteration: 37, 0.426569, 34
#Iteration2: 37, 75, 36, 36
#Iteration: 38, 0.439716, 34
#Iteration2: 38, 77, 37, 37
#Iteration: 39, 0.451017, 34
#Iteration2: 39, 79, 38, 38
#Iteration: 40, 0.464231, 34
#Iteration2: 40, 81, 39, 39
#Iteration: 41, 0.476731, 34
#Iteration2: 41, 83, 40, 40
#Iteration: 42, 0.490986, 34
#Iteration2: 42, 85, 41, 41
#Iteration: 43, 0.504344, 34
#Iteration2: 43, 87, 42, 42
#Iteration: 44, 0.518979, 34
#Iteration2: 44, 89, 43, 43
#Iteration: 45, 0.531826, 34
#Iteration2: 45, 91, 44, 44
#Iteration: 46, 0.54715, 34
#Iteration2: 46, 93, 45, 45
#Iteration: 47, 0.561413, 34
#Iteration2: 47, 95, 46, 46
#Iteration: 48, 0.577259, 34
#Iteration2: 48, 97, 47, 47
#Iteration: 49, 0.591165, 34
#Iteration2: 49, 99, 48, 48
#Iteration: 50, 0.607339, 34
#Iteration2: 50, 101, 49, 49
#Iteration: 51, 0.62212, 34
#Iteration2: 51, 103, 50, 50
#Iteration: 52, 0.638916, 34
#Iteration2: 52, 105, 51, 51
#Iteration: 53, 0.653689, 34
#Iteration2: 53, 107, 52, 52
#Iteration: 54, 0.671131, 34
#Iteration2: 54, 109, 53, 53
#Iteration: 55, 0.687269, 34
#Iteration2: 55, 111, 54, 54
#Iteration: 56, 0.706028, 34
#Iteration2: 56, 113, 55, 55
#Iteration: 57, 0.722354, 34
#Iteration2: 57, 115, 56, 56
#Iteration: 58, 0.741985, 34
#Iteration2: 58, 117, 57, 57
#Iteration: 59, 0.759298, 34
#Iteration2: 59, 119, 58, 58
#Iteration: 60, 0.779689, 34
#Iteration2: 60, 121, 59, 59
#Iteration: 61, 0.796582, 34
#Iteration2: 61, 123, 60, 60
#Iteration: 62, 0.817107, 34
#Iteration2: 62, 125, 61, 61
#Iteration: 63, 0.834652, 34
#Iteration2: 63, 127, 62, 62
#Iteration: 64, 0.855413, 34
#Iteration2: 64, 129, 63, 63
#Iteration: 65, 0.873738, 34
#Iteration2: 65, 131, 64, 64
#Iteration: 66, 0.896283, 34
#Iteration2: 66, 133, 65, 65
#Iteration: 67, 0.914878, 34
#Iteration2: 67, 135, 66, 66
#Iteration: 68, 0.936989, 34
#Iteration2: 68, 137, 67, 67
#Iteration: 69, 0.957156, 34
#Iteration2: 69, 139, 68, 68
#Iteration: 70, 0.980819, 34
#Iteration2: 70, 141, 69, 69
#Iteration: 71, 1.00095, 34
#Iteration2: 71, 143, 70, 70
#Iteration: 72, 1.02474, 34
#Iteration2: 72, 145, 71, 71
#Iteration: 73, 1.04511, 34
#Iteration2: 73, 147, 72, 72
#Iteration: 74, 1.06928, 34
#Iteration2: 74, 149, 73, 73
#Iteration: 75, 1.09071, 34
#Iteration2: 75, 151, 74, 74
#Iteration: 76, 1.1157, 34
#Iteration2: 76, 153, 75, 75
#Iteration: 77, 1.1373, 34
#Iteration2: 77, 155, 76, 76
#Iteration: 78, 1.16308, 34
#Iteration2: 78, 157, 77, 77
#Iteration: 79, 1.18609, 34
#Iteration2: 79, 159, 78, 78
#Iteration: 80, 1.21182, 34
#Iteration2: 80, 161, 79, 79
#Iteration: 81, 1.23497, 34
#Iteration2: 81, 163, 80, 80
#Iteration: 82, 1.26216, 34
#Iteration2: 82, 165, 81, 81
#Iteration: 83, 1.28589, 34
#Iteration2: 83, 167, 82, 82
#Iteration: 84, 1.31403, 34
#Iteration2: 84, 169, 83, 83
#Iteration: 85, 1.33881, 34
#Iteration2: 85, 171, 84, 84
#Iteration: 86, 1.36743, 34
#Iteration2: 86, 173, 85, 85
#Iteration: 87, 1.39177, 34
#Iteration2: 87, 175, 86, 86
#Iteration: 88, 1.4209, 34
#Iteration2: 88, 177, 87, 87
#Iteration: 89, 1.44511, 34
#Iteration2: 89, 179, 88, 88
#Iteration: 90, 1.4759, 34
#Iteration2: 90, 181, 89, 89
#Iteration: 91, 1.50088, 34
#Iteration2: 91, 183, 90, 90
#Iteration: 92, 1.53126, 34
#Iteration2: 92, 185, 91, 91
#Iteration: 93, 1.55736, 34
#Iteration2: 93, 187, 92, 92
#Iteration: 94, 1.58994, 34
#Iteration2: 94, 189, 93, 93
#Iteration: 95, 1.61606, 34
#Iteration2: 95, 191, 94, 94
#Iteration: 96, 1.64809, 34
#Iteration2: 96, 193, 95, 95
#Iteration: 97, 1.67569, 34
#Iteration2: 97, 195, 96, 96
#Iteration: 98, 1.70826, 34
#Iteration2: 98, 197, 97, 97
#Iteration: 99, 1.73508, 34
#Iteration2: 99, 199, 98, 98
#Iteration: 100, 1.76784, 34
#Iteration2: 100, 201, 99, 99
#Iteration: 101, 1.796, 34
#Iteration2: 101, 203, 100, 100
#Iteration: 102, 1.82933, 34
#Iteration2: 102, 205, 101, 101
#Iteration: 103, 1.85746, 34
#Iteration2: 103, 207, 102, 102
#Iteration: 104, 1.89102, 34
#Iteration2: 104, 209, 103, 103
#Iteration: 105, 1.92016, 34
#Iteration2: 105, 211, 104, 104
#Iteration: 106, 1.95455, 34
#Iteration2: 106, 213, 105, 105
#Iteration: 107, 1.98386, 34
#Iteration2: 107, 215, 106, 106
#Iteration: 108, 2.01884, 34
#Iteration2: 108, 217, 107, 107
#Iteration: 109, 2.0492, 34
#Iteration2: 109, 219, 108, 108
#Iteration: 110, 2.08561, 34
#Iteration2: 110, 221, 109, 109
#Iteration: 111, 2.11699, 34
#Iteration2: 111, 223, 110, 110
#Iteration: 112, 2.1536, 34
#Iteration2: 112, 225, 111, 111
#Iteration: 113, 2.18484, 34
#Iteration2: 113, 227, 112, 112
#Iteration: 114, 2.22215, 34
#Iteration2: 114, 229, 113, 113
#Iteration: 115, 2.25373, 34
#Iteration2: 115, 231, 114, 114
#Iteration: 116, 2.29246, 34
#Iteration2: 116, 233, 115, 115
#Iteration: 117, 2.32427, 34
#Iteration2: 117, 235, 116, 116
#Iteration: 118, 2.36453, 34
#Iteration2: 118, 237, 117, 117
#Iteration: 119, 2.39798, 34
#Iteration2: 119, 239, 118, 118
#Iteration: 120, 2.43846, 34
#Iteration2: 120, 241, 119, 119
#Iteration: 121, 2.47218, 34
#Iteration2: 121, 243, 120, 120
#Iteration: 122, 2.5125, 34
#Iteration2: 122, 245, 121, 121
#Iteration: 123, 2.54726, 34
#Iteration2: 123, 247, 122, 122
#Iteration: 124, 2.58776, 34
#Iteration2: 124, 249, 123, 123
#Iteration: 125, 2.62332, 34
#Iteration2: 125, 251, 124, 124
#Iteration: 126, 2.66474, 34
#Iteration2: 126, 253, 125, 125
#Iteration: 127, 2.69956, 34
#Iteration2: 127, 255, 126, 126
#Iteration: 128, 2.74122, 34
#Iteration2: 128, 257, 127, 127
#Iteration: 129, 2.7768, 34
#Iteration2: 129, 259, 128, 128
#Iteration: 130, 2.82103, 34
#Iteration2: 130, 261, 129, 129
#Iteration: 131, 2.85808, 34
#Iteration2: 131, 263, 130, 130
#Iteration: 132, 2.90199, 34
#Iteration2: 132, 265, 131, 131
#Iteration: 133, 2.9396, 34
#Iteration2: 133, 267, 132, 132
#Iteration: 134, 2.98451, 34
#Iteration2: 134, 269, 133, 133
#Iteration: 135, 3.02246, 34
#Iteration2: 135, 271, 134, 134
#Iteration: 136, 3.06807, 34
#Iteration2: 136, 273, 135, 135
#Iteration: 137, 3.10663, 34
#Iteration2: 137, 275, 136, 136
#Iteration: 138, 3.15167, 34
#Iteration2: 138, 277, 137, 137
#Iteration: 139, 3.18983, 34
#Iteration2: 139, 279, 138, 138
#Iteration: 140, 3.23626, 34
#Iteration2: 140, 281, 139, 139
#Iteration: 141, 3.27455, 34
#Iteration2: 141, 283, 140, 140
#Iteration: 142, 3.32186, 34
#Iteration2: 142, 285, 141, 141
#Iteration: 143, 3.36209, 34
#Iteration2: 143, 287, 142, 142
#Iteration: 144, 3.4087, 34
#Iteration2: 144, 289, 143, 143
#Iteration: 145, 3.44808, 34
#Iteration2: 145, 291, 144, 144
#Iteration: 146, 3.49596, 34
#Iteration2: 146, 293, 145, 145
#Iteration: 147, 3.53707, 34
#Iteration2: 147, 295, 146, 146
#Iteration: 148, 3.58554, 34
#Iteration2: 148, 297, 147, 147
#Iteration: 149, 3.62655, 34
#Iteration2: 149, 299, 148, 148
#Iteration: 150, 3.67619, 34
#Iteration2: 150, 301, 149, 149
#Iteration: 151, 3.71876, 34
#Iteration2: 151, 303, 150, 150
#Iteration: 152, 3.76892, 34
#Iteration2: 152, 305, 151, 151
#Iteration: 153, 3.81119, 34
#Iteration2: 153, 307, 152, 152
#Iteration: 154, 3.8619, 34
#Iteration2: 154, 309, 153, 153
#Iteration: 155, 3.90487, 34
#Iteration2: 155, 311, 154, 154
#Iteration: 156, 3.95601, 34
#Iteration2: 156, 313, 155, 155
#Iteration: 157, 3.99814, 34
#Iteration2: 157, 315, 156, 156
#Iteration: 158, 4.05017, 34
#Iteration2: 158, 317, 157, 157
#Iteration: 159, 4.09464, 34
#Iteration2: 159, 319, 158, 158
#Iteration: 160, 4.14805, 34
#Iteration2: 160, 321, 159, 159
#Iteration: 161, 4.1915, 34
#Iteration2: 161, 323, 160, 160
#Iteration: 162, 4.2446, 34
#Iteration2: 162, 325, 161, 161
#Iteration: 163, 4.2886, 34
#Iteration2: 163, 327, 162, 162
#Iteration: 164, 4.34229, 34
#Iteration2: 164, 329, 163, 163
#Iteration: 165, 4.38696, 34
#Iteration2: 165, 331, 164, 164
#Iteration: 166, 4.44108, 34
#Iteration2: 166, 333, 165, 165
#Iteration: 167, 4.488, 34
#Iteration2: 167, 335, 166, 166
#Iteration: 168, 4.54522, 34
#Iteration2: 168, 337, 167, 167
#Iteration: 169, 4.59116, 34
#Iteration2: 169, 339, 168, 168
#Iteration: 170, 4.6473, 34
#Iteration2: 170, 341, 169, 169
#Iteration: 171, 4.69441, 34
#Iteration2: 171, 343, 170, 170
#Iteration: 172, 4.75113, 34
#Iteration2: 172, 345, 171, 171
#Iteration: 173, 4.79898, 34
#Iteration2: 173, 347, 172, 172
#Iteration: 174, 4.85644, 34
#Iteration2: 174, 349, 173, 173
#Iteration: 175, 4.90356, 34
#Iteration2: 175, 351, 174, 174
#Iteration: 176, 4.962, 34
#Iteration2: 176, 353, 175, 175
#Iteration: 177, 5.01114, 34
#Iteration2: 177, 355, 176, 176
#Iteration: 178, 5.07128, 34
#Iteration2: 178, 357, 177, 177
#Iteration: 179, 5.12008, 34
#Iteration2: 179, 359, 178, 178
#Iteration: 180, 5.17959, 34
#Iteration2: 180, 361, 179, 179
#Iteration: 181, 5.22867, 34
#Iteration2: 181, 363, 180, 180
#Iteration: 182, 5.28758, 34
#Iteration2: 182, 365, 181, 181
#Iteration: 183, 5.33856, 34
#Iteration2: 183, 367, 182, 182
#Iteration: 184, 5.39984, 34
#Iteration2: 184, 369, 183, 183
#Iteration: 185, 5.44964, 34
#Iteration2: 185, 371, 184, 184
#Iteration: 186, 5.51154, 34
#Iteration2: 186, 373, 185, 185
#Iteration: 187, 5.56361, 34
#Iteration2: 187, 375, 186, 186
#Iteration: 188, 5.6258, 34
#Iteration2: 188, 377, 187, 187
#Iteration: 189, 5.67835, 34
#Iteration2: 189, 379, 188, 188
#Iteration: 190, 5.74087, 34
#Iteration2: 190, 381, 189, 189
#Iteration: 191, 5.79477, 34
#Iteration2: 191, 383, 190, 190
#Iteration: 192, 5.86036, 34
#Iteration2: 192, 385, 191, 191
#Iteration: 193, 5.91553, 34
#Iteration2: 193, 387, 192, 192
#Iteration: 194, 5.9822, 34
#Iteration2: 194, 389, 193, 193
#Iteration: 195, 6.0367, 34
#Iteration2: 195, 391, 194, 194
#Iteration: 196, 6.10189, 34
#Iteration2: 196, 393, 195, 195
#Iteration: 197, 6.15551, 34
#Iteration2: 197, 395, 196, 196
#Iteration: 198, 6.21963, 34
#Iteration2: 198, 397, 197, 197
#Iteration: 199, 6.27383, 34
#Iteration2: 199, 399, 198, 198
#Iteration: 200, 6.3407, 34
#Iteration2: 200, 401, 199, 199
#Iteration: 201, 6.39512, 34
#Iteration2: 201, 403, 200, 200
#Iteration: 202, 6.46168, 34
#Iteration2: 202, 405, 201, 201
#Iteration: 203, 6.51742, 34
#Iteration2: 203, 407, 202, 202
#Iteration: 204, 6.58562, 34
#Iteration2: 204, 409, 203, 203
#Iteration: 205, 6.64284, 34
#Iteration2: 205, 411, 204, 204
#Iteration: 206, 6.7116, 34
#Iteration2: 206, 413, 205, 205
#Iteration: 207, 6.76913, 34
#Iteration2: 207, 415, 206, 206
#Iteration: 208, 6.83847, 34
#Iteration2: 208, 417, 207, 207
#Iteration: 209, 6.89642, 34
#Iteration2: 209, 419, 208, 208
#Iteration: 210, 6.96623, 34
#Iteration2: 210, 421, 209, 209
#Iteration: 211, 7.02359, 34
#Iteration2: 211, 423, 210, 210
#Iteration: 212, 7.09364, 34
#Iteration2: 212, 425, 211, 211
#Iteration: 213, 7.15088, 34
#Iteration2: 213, 427, 212, 212
#Iteration: 214, 7.22111, 34
#Iteration2: 214, 429, 213, 213
#Iteration: 215, 7.28077, 34
#Iteration2: 215, 431, 214, 214
#Iteration: 216, 7.35058, 34
#Iteration2: 216, 433, 215, 215
#Iteration: 217, 7.41041, 34
#Iteration2: 217, 435, 216, 216
#Iteration: 218, 7.48319, 34
#Iteration2: 218, 437, 217, 217
#Iteration: 219, 7.54219, 34
#Iteration2: 219, 439, 218, 218
#Iteration: 220, 7.61549, 34
#Iteration2: 220, 441, 219, 219
#Iteration: 221, 7.67658, 34
#Iteration2: 221, 443, 220, 220
#Iteration: 222, 7.75149, 34
#Iteration2: 222, 445, 221, 221
#Iteration: 223, 7.81272, 34
#Iteration2: 223, 447, 222, 222
#Iteration: 224, 7.88458, 34
#Iteration2: 224, 449, 223, 223
#Iteration: 225, 7.9452, 34
#Iteration2: 225, 451, 224, 224
#Iteration: 226, 8.01983, 34
#Iteration2: 226, 453, 225, 225
#Iteration: 227, 8.08287, 34
#Iteration2: 227, 455, 226, 226
#Iteration: 228, 8.1591, 34
#Iteration2: 228, 457, 227, 227
#Iteration: 229, 8.22193, 34
#Iteration2: 229, 459, 228, 228
#Iteration: 230, 8.29819, 34
#Iteration2: 230, 461, 229, 229
#Iteration: 231, 8.36212, 34
#Iteration2: 231, 463, 230, 230
#Iteration: 232, 8.44003, 34
#Iteration2: 232, 465, 231, 231
#Iteration: 233, 8.50306, 34
#Iteration2: 233, 467, 232, 232
#Iteration: 234, 8.58019, 34
#Iteration2: 234, 469, 233, 233
#Iteration: 235, 8.64457, 34
#Iteration2: 235, 471, 234, 234
#Iteration: 236, 8.72364, 34
#Iteration2: 236, 473, 235, 235
#Iteration: 237, 8.78856, 34
#Iteration2: 237, 475, 236, 236
#Iteration: 238, 8.86736, 34
#Iteration2: 238, 477, 237, 237
#Iteration: 239, 8.93163, 34
#Iteration2: 239, 479, 238, 238
#Iteration: 240, 9.01145, 34
#Iteration2: 240, 481, 239, 239
#Iteration: 241, 9.0785, 34
#Iteration2: 241, 483, 240, 240
#Iteration: 242, 9.15763, 34
#Iteration2: 242, 485, 241, 241
#Iteration: 243, 9.22363, 34
#Iteration2: 243, 487, 242, 242
#Iteration: 244, 9.30346, 34
#Iteration2: 244, 489, 243, 243
#Iteration: 245, 9.3712, 34
#Iteration2: 245, 491, 244, 244
#Iteration: 246, 9.45175, 34
#Iteration2: 246, 493, 245, 245
#Iteration: 247, 9.51925, 34
#Iteration2: 247, 495, 246, 246
#Iteration: 248, 9.60039, 34
#Iteration2: 248, 497, 247, 247
#Iteration: 249, 9.66929, 34
#Iteration2: 249, 499, 248, 248
#Iteration: 250, 9.7521, 34
#Iteration2: 250, 501, 249, 249
#Iteration: 251, 9.82124, 34
#Iteration2: 251, 503, 250, 250
#Iteration: 252, 9.90474, 34
#Iteration2: 252, 505, 251, 251
#Iteration: 253, 9.97353, 34
#Iteration2: 253, 507, 252, 252
#Iteration: 254, 10.056, 34
#Iteration2: 254, 509, 253, 253
#Iteration: 255, 10.1268, 34
#Iteration2: 255, 511, 254, 254
#Iteration: 256, 10.2124, 34
#Iteration2: 256, 513, 255, 255
#Iteration: 257, 10.2835, 34
#Iteration2: 257, 515, 256, 256
#Iteration: 258, 10.3699, 34
#Iteration2: 258, 517, 257, 257
#Iteration: 259, 10.4412, 34
#Iteration2: 259, 519, 258, 258
#Iteration: 260, 10.5265, 34
#Iteration2: 260, 521, 259, 259
#Iteration: 261, 10.5988, 34
#Iteration2: 261, 523, 260, 260
#Iteration: 262, 10.6864, 34
#Iteration2: 262, 525, 261, 261
#Iteration: 263, 10.7589, 34
#Iteration2: 263, 527, 262, 262
#Iteration: 264, 10.8478, 34
#Iteration2: 264, 529, 263, 263
#Iteration: 265, 10.9216, 34
#Iteration2: 265, 531, 264, 264
#Iteration: 266, 11.0103, 34
#Iteration2: 266, 533, 265, 265
#Iteration: 267, 11.0828, 34
#Iteration2: 267, 535, 266, 266
#Iteration: 268, 11.1724, 34
#Iteration2: 268, 537, 267, 267
#Iteration: 269, 11.2461, 34
#Iteration2: 269, 539, 268, 268
#Iteration: 270, 11.3359, 34
#Iteration2: 270, 541, 269, 269
#Iteration: 271, 11.4114, 34
#Iteration2: 271, 543, 270, 270
#Iteration: 272, 11.501, 34
#Iteration2: 272, 545, 271, 271
#Iteration: 273, 11.5769, 34
#Iteration2: 273, 547, 272, 272
#Iteration: 274, 11.6673, 34
#Iteration2: 274, 549, 273, 273
#Iteration: 275, 11.7427, 34
#Iteration2: 275, 551, 274, 274
#Iteration: 276, 11.8365, 34
#Iteration2: 276, 553, 275, 275
#Iteration: 277, 11.9121, 34
#Iteration2: 277, 555, 276, 276
#Iteration: 278, 12.0024, 34
#Iteration2: 278, 557, 277, 277
#Iteration: 279, 12.0794, 34
#Iteration2: 279, 559, 278, 278
#Iteration: 280, 12.1713, 34
#Iteration2: 280, 561, 279, 279
#Iteration: 281, 12.2477, 34
#Iteration2: 281, 563, 280, 280
#Iteration: 282, 12.3409, 34
#Iteration2: 282, 565, 281, 281
#Iteration: 283, 12.419, 34
#Iteration2: 283, 567, 282, 282
#Iteration: 284, 12.5142, 34
#Iteration2: 284, 569, 283, 283
#Iteration: 285, 12.5912, 34
#Iteration2: 285, 571, 284, 284
#Iteration: 286, 12.6872, 34
#Iteration2: 286, 573, 285, 285
#Iteration: 287, 12.7653, 34
#Iteration2: 287, 575, 286, 286
#Iteration: 288, 12.8618, 34
#Iteration2: 288, 577, 287, 287
#Iteration: 289, 12.9397, 34
#Iteration2: 289, 579, 288, 288
#Iteration: 290, 13.035, 34
#Iteration2: 290, 581, 289, 289
#Iteration: 291, 13.1153, 34
#Iteration2: 291, 583, 290, 290
#Iteration: 292, 13.2117, 34
#Iteration2: 292, 585, 291, 291
#Iteration: 293, 13.2921, 34
#Iteration2: 293, 587, 292, 292
#Iteration: 294, 13.3909, 34
#Iteration2: 294, 589, 293, 293
#Iteration: 295, 13.4719, 34
#Iteration2: 295, 591, 294, 294
#Iteration: 296, 13.5697, 34
#Iteration2: 296, 593, 295, 295
#Iteration: 297, 13.6504, 34
#Iteration2: 297, 595, 296, 296
#Iteration: 298, 13.7481, 34
#Iteration2: 298, 597, 297, 297
#Iteration: 299, 13.8304, 34
#Iteration2: 299, 599, 298, 298
#Iteration: 300, 13.9301, 34
#Iteration2: 300, 601, 299, 299
#Iteration: 301, 14.0127, 34
#Iteration2: 301, 603, 300, 300
#Iteration: 302, 14.1134, 34
#Iteration2: 302, 605, 301, 301
#Iteration: 303, 14.1973, 34
#Iteration2: 303, 607, 302, 302
#Iteration: 304, 14.2989, 34
#Iteration2: 304, 609, 303, 303
#Iteration: 305, 14.3818, 34
#Iteration2: 305, 611, 304, 304
#Iteration: 306, 14.4823, 34
#Iteration2: 306, 613, 305, 305
#Iteration: 307, 14.5655, 34
#Iteration2: 307, 615, 306, 306
#Iteration: 308, 14.6687, 34
#Iteration2: 308, 617, 307, 307
#Iteration: 309, 14.7529, 34
#Iteration2: 309, 619, 308, 308
#Iteration: 310, 14.8566, 34
#Iteration2: 310, 621, 309, 309
#Iteration: 311, 14.9413, 34
#Iteration2: 311, 623, 310, 310
#Iteration: 312, 15.0444, 34
#Iteration2: 312, 625, 311, 311
#Iteration: 313, 15.1313, 34
#Iteration2: 313, 627, 312, 312
#Iteration: 314, 15.2342, 34
#Iteration2: 314, 629, 313, 313
#Iteration: 315, 15.3187, 34
#Iteration2: 315, 631, 314, 314
#Iteration: 316, 15.4228, 34
#Iteration2: 316, 633, 315, 315
#Iteration: 317, 15.5111, 34
#Iteration2: 317, 635, 316, 316
#Iteration: 318, 15.6161, 34
#Iteration2: 318, 637, 317, 317
#Iteration: 319, 15.7029, 34
#Iteration2: 319, 639, 318, 318
#Iteration: 320, 15.8091, 34
#Iteration2: 320, 641, 319, 319
#Iteration: 321, 15.8972, 34
#Iteration2: 321, 643, 320, 320
#Iteration: 322, 16.005, 34
#Iteration2: 322, 645, 321, 321
#Iteration: 323, 16.0937, 34
#Iteration2: 323, 647, 322, 322
#Iteration: 324, 16.2004, 34
#Iteration2: 324, 649, 323, 323
#Iteration: 325, 16.2896, 34
#Iteration2: 325, 651, 324, 324
#Iteration: 326, 16.3979, 34
#Iteration2: 326, 653, 325, 325
#Iteration: 327, 16.4884, 34
#Iteration2: 327, 655, 326, 326
#Iteration: 328, 16.5966, 34
#Iteration2: 328, 657, 327, 327
#Iteration: 329, 16.6865, 34
#Iteration2: 329, 659, 328, 328
#Iteration: 330, 16.7959, 34
#Iteration2: 330, 661, 329, 329
#Iteration: 331, 16.885, 34
#Iteration2: 331, 663, 330, 330
#Iteration: 332, 16.9954, 34
#Iteration2: 332, 665, 331, 331
#Iteration: 333, 17.0871, 34
#Iteration2: 333, 667, 332, 332
#Iteration: 334, 17.1982, 34
#Iteration2: 334, 669, 333, 333
#Iteration: 335, 17.2897, 34
#Iteration2: 335, 671, 334, 334
#Iteration: 336, 17.4008, 34
#Iteration2: 336, 673, 335, 335
#Iteration: 337, 17.4935, 34
#Iteration2: 337, 675, 336, 336
#Iteration: 338, 17.6066, 34
#Iteration2: 338, 677, 337, 337
#Iteration: 339, 17.7005, 34
#Iteration2: 339, 679, 338, 338
#Iteration: 340, 17.8146, 34
#Iteration2: 340, 681, 339, 339
#Iteration: 341, 17.9069, 34
#Iteration2: 341, 683, 340, 340
#Iteration: 342, 18.0197, 34
#Iteration2: 342, 685, 341, 341
#Iteration: 343, 18.114, 34
#Iteration2: 343, 687, 342, 342
#Iteration: 344, 18.2291, 34
#Iteration2: 344, 689, 343, 343
#Iteration: 345, 18.3251, 34
#Iteration2: 345, 691, 344, 344
#Iteration: 346, 18.441, 34
#Iteration2: 346, 693, 345, 345
#Iteration: 347, 18.5349, 34
#Iteration2: 347, 695, 346, 346
#Iteration: 348, 18.6515, 34
#Iteration2: 348, 697, 347, 347
#Iteration: 349, 18.7474, 34
#Iteration2: 349, 699, 348, 348
#Iteration: 350, 18.863, 34
#Iteration2: 350, 701, 349, 349
#Iteration: 351, 18.9598, 34
#Iteration2: 351, 703, 350, 350
#Iteration: 352, 19.0787, 34
#Iteration2: 352, 705, 351, 351
#Iteration: 353, 19.1751, 34
#Iteration2: 353, 707, 352, 352
#Iteration: 354, 19.2917, 34
#Iteration2: 354, 709, 353, 353
#Iteration: 355, 19.3897, 34
#Iteration2: 355, 711, 354, 354
#Iteration: 356, 19.5086, 34
#Iteration2: 356, 713, 355, 355
#Iteration: 357, 19.6077, 34
#Iteration2: 357, 715, 356, 356
#Iteration: 358, 19.7274, 34
#Iteration2: 358, 717, 357, 357
#Iteration: 359, 19.8274, 34
#Iteration2: 359, 719, 358, 358
#Iteration: 360, 19.9475, 34
#Iteration2: 360, 721, 359, 359
#Iteration: 361, 20.0478, 34
#Iteration2: 361, 723, 360, 360
#Iteration: 362, 20.1689, 34
#Iteration2: 362, 725, 361, 361
#Iteration: 363, 20.2677, 34
#Iteration2: 363, 727, 362, 362
#Iteration: 364, 20.3903, 34
#Iteration2: 364, 729, 363, 363
#Iteration: 365, 20.4906, 34
#Iteration2: 365, 731, 364, 364
#Iteration: 366, 20.6122, 34
#Iteration2: 366, 733, 365, 365
#Iteration: 367, 20.7117, 34
#Iteration2: 367, 735, 366, 366
#Iteration: 368, 20.8304, 34
#Iteration2: 368, 737, 367, 367
#Iteration: 369, 20.9311, 34
#Iteration2: 369, 739, 368, 368
#Iteration: 370, 21.0534, 34
#Iteration2: 370, 741, 369, 369
#Iteration: 371, 21.1535, 34
#Iteration2: 371, 743, 370, 370
#Iteration: 372, 21.2778, 34
#Iteration2: 372, 745, 371, 371
#Iteration: 373, 21.381, 34
#Iteration2: 373, 747, 372, 372
#Iteration: 374, 21.5046, 34
#Iteration2: 374, 749, 373, 373
#Iteration: 375, 21.6089, 34
#Iteration2: 375, 751, 374, 374
#Iteration: 376, 21.734, 34
#Iteration2: 376, 753, 375, 375
#Iteration: 377, 21.837, 34
#Iteration2: 377, 755, 376, 376
#Iteration: 378, 21.9617, 34
#Iteration2: 378, 757, 377, 377
#Iteration: 379, 22.0671, 34
#Iteration2: 379, 759, 378, 378
#Iteration: 380, 22.1954, 34
#Iteration2: 380, 761, 379, 379
#Iteration: 381, 22.3003, 34
#Iteration2: 381, 763, 380, 380
#Iteration: 382, 22.4281, 34
#Iteration2: 382, 765, 381, 381
#Iteration: 383, 22.533, 34
#Iteration2: 383, 767, 382, 382
#Iteration: 384, 22.6602, 34
#Iteration2: 384, 769, 383, 383
#Iteration: 385, 22.765, 34
#Iteration2: 385, 771, 384, 384
#Iteration: 386, 22.8953, 34
#Iteration2: 386, 773, 385, 385
#Iteration: 387, 23.0008, 34
#Iteration2: 387, 775, 386, 386
#Iteration: 388, 23.1307, 34
#Iteration2: 388, 777, 387, 387
#Iteration: 389, 23.2356, 34
#Iteration2: 389, 779, 388, 388
#Iteration: 390, 23.3657, 34
#Iteration2: 390, 781, 389, 389
#Iteration: 391, 23.4729, 34
#Iteration2: 391, 783, 390, 390
#Iteration: 392, 23.6033, 34
#Iteration2: 392, 785, 391, 391
#Iteration: 393, 23.711, 34
#Iteration2: 393, 787, 392, 392
#Iteration: 394, 23.8422, 34
#Iteration2: 394, 789, 393, 393
#Iteration: 395, 23.9486, 34
#Iteration2: 395, 791, 394, 394
#Iteration: 396, 24.0807, 34
#Iteration2: 396, 793, 395, 395
#Iteration: 397, 24.1912, 34
#Iteration2: 397, 795, 396, 396
#Iteration: 398, 24.325, 34
#Iteration2: 398, 797, 397, 397
#Iteration: 399, 24.4346, 34
#Iteration2: 399, 799, 398, 398
#Iteration: 400, 24.569, 34
#Iteration2: 400, 801, 399, 399
#Iteration: 401, 24.6777, 34
#Iteration2: 401, 803, 400, 400
#Iteration: 402, 24.8112, 34
#Iteration2: 402, 805, 401, 401
#Iteration: 403, 24.922, 34
#Iteration2: 403, 807, 402, 402
#Iteration: 404, 25.0572, 34
#Iteration2: 404, 809, 403, 403
#Iteration: 405, 25.1675, 34
#Iteration2: 405, 811, 404, 404
#Iteration: 406, 25.3039, 34
#Iteration2: 406, 813, 405, 405
#Iteration: 407, 25.4152, 34
#Iteration2: 407, 815, 406, 406
#Iteration: 408, 25.5525, 34
#Iteration2: 408, 817, 407, 407
#Iteration: 409, 25.6635, 34
#Iteration2: 409, 819, 408, 408
#Iteration: 410, 25.802, 34
#Iteration2: 410, 821, 409, 409
#Iteration: 411, 25.914, 34
#Iteration2: 411, 823, 410, 410
#Iteration: 412, 26.0525, 34
#Iteration2: 412, 825, 411, 411
#Iteration: 413, 26.1678, 34
#Iteration2: 413, 827, 412, 412
#Iteration: 414, 26.3067, 34
#Iteration2: 414, 829, 413, 413
#Iteration: 415, 26.419, 34
#Iteration2: 415, 831, 414, 414
#Iteration: 416, 26.5561, 34
#Iteration2: 416, 833, 415, 415
#Iteration: 417, 26.6697, 34
#Iteration2: 417, 835, 416, 416
#Iteration: 418, 26.8109, 34
#Iteration2: 418, 837, 417, 417
#Iteration: 419, 26.9263, 34
#Iteration2: 419, 839, 418, 418
#Iteration: 420, 27.068, 34
#Iteration2: 420, 841, 419, 419
#Iteration: 421, 27.1828, 34
#Iteration2: 421, 843, 420, 420
#Iteration: 422, 27.3244, 34
#Iteration2: 422, 845, 421, 421
#Iteration: 423, 27.4404, 34
#Iteration2: 423, 847, 422, 422
#Iteration: 424, 27.5796, 34
#Iteration2: 424, 849, 423, 423
#Iteration: 425, 27.6954, 34
#Iteration2: 425, 851, 424, 424
#Iteration: 426, 27.8378, 34
#Iteration2: 426, 853, 425, 425
#Iteration: 427, 27.954, 34
#Iteration2: 427, 855, 426, 426
#Iteration: 428, 28.096, 34
#Iteration2: 428, 857, 427, 427
#Iteration: 429, 28.2125, 34
#Iteration2: 429, 859, 428, 428
#Iteration: 430, 28.3546, 34
#Iteration2: 430, 861, 429, 429
#Iteration: 431, 28.4724, 34
#Iteration2: 431, 863, 430, 430
#Iteration: 432, 28.6151, 34
#Iteration2: 432, 865, 431, 431
#Iteration: 433, 28.7326, 34
#Iteration2: 433, 867, 432, 432
#Iteration: 434, 28.8773, 34
#Iteration2: 434, 869, 433, 433
#Iteration: 435, 28.996, 34
#Iteration2: 435, 871, 434, 434
#Iteration: 436, 29.141, 34
#Iteration2: 436, 873, 435, 435
#Iteration: 437, 29.2601, 34
#Iteration2: 437, 875, 436, 436
#Iteration: 438, 29.4064, 34
#Iteration2: 438, 877, 437, 437
#Iteration: 439, 29.5279, 34
#Iteration2: 439, 879, 438, 438
#Iteration: 440, 29.6762, 34
#Iteration2: 440, 881, 439, 439
#Iteration: 441, 29.7989, 34
#Iteration2: 441, 883, 440, 440
#Iteration: 442, 29.9468, 34
#Iteration2: 442, 885, 441, 441
#Iteration: 443, 30.0679, 34
#Iteration2: 443, 887, 442, 442
#Iteration: 444, 30.2138, 34
#Iteration2: 444, 889, 443, 443
#Iteration: 445, 30.3339, 34
#Iteration2: 445, 891, 444, 444
#Iteration: 446, 30.4826, 34
#Iteration2: 446, 893, 445, 445
#Iteration: 447, 30.6062, 34
#Iteration2: 447, 895, 446, 446
#Iteration: 448, 30.7576, 34
#Iteration2: 448, 897, 447, 447
#Iteration: 449, 30.8804, 34
#Iteration2: 449, 899, 448, 448
#Iteration: 450, 31.0343, 34
#Iteration2: 450, 901, 449, 449
#Iteration: 451, 31.1581, 34
#Iteration2: 451, 903, 450, 450
#Iteration: 452, 31.3105, 34
#Iteration2: 452, 905, 451, 451
#Iteration: 453, 31.4308, 34
#Iteration2: 453, 907, 452, 452
#Iteration: 454, 31.5817, 34
#Iteration2: 454, 909, 453, 453
#Iteration: 455, 31.7075, 34
#Iteration2: 455, 911, 454, 454
#Iteration: 456, 31.8587, 34
#Iteration2: 456, 913, 455, 455
#Iteration: 457, 31.9852, 34
#Iteration2: 457, 915, 456, 456
#Iteration: 458, 32.1392, 34
#Iteration2: 458, 917, 457, 457
#Iteration: 459, 32.2664, 34
#Iteration2: 459, 919, 458, 458
#Iteration: 460, 32.4187, 34
#Iteration2: 460, 921, 459, 459
#Iteration: 461, 32.5442, 34
#Iteration2: 461, 923, 460, 460
#Iteration: 462, 32.6972, 34
#Iteration2: 462, 925, 461, 461
#Iteration: 463, 32.8235, 34
#Iteration2: 463, 927, 462, 462
#Iteration: 464, 32.9787, 34
#Iteration2: 464, 929, 463, 463
#Iteration: 465, 33.1049, 34
#Iteration2: 465, 931, 464, 464
#Iteration: 466, 33.2604, 34
#Iteration2: 466, 933, 465, 465
#Iteration: 467, 33.3898, 34
#Iteration2: 467, 935, 466, 466
#Iteration: 468, 33.545, 34
#Iteration2: 468, 937, 467, 467
#Iteration: 469, 33.6728, 34
#Iteration2: 469, 939, 468, 468
#Iteration: 470, 33.829, 34
#Iteration2: 470, 941, 469, 469
#Iteration: 471, 33.9572, 34
#Iteration2: 471, 943, 470, 470
#Iteration: 472, 34.118, 34
#Iteration2: 472, 945, 471, 471
#Iteration: 473, 34.2466, 34
#Iteration2: 473, 947, 472, 472
#Iteration: 474, 34.4091, 34
#Iteration2: 474, 949, 473, 473
#Iteration: 475, 34.5412, 34
#Iteration2: 475, 951, 474, 474
#Iteration: 476, 34.702, 34
#Iteration2: 476, 953, 475, 475
#Iteration: 477, 34.8335, 34
#Iteration2: 477, 955, 476, 476
#Iteration: 478, 34.9968, 34
#Iteration2: 478, 957, 477, 477
#Iteration: 479, 35.1283, 34
#Iteration2: 479, 959, 478, 478
#Iteration: 480, 35.2896, 34
#Iteration2: 480, 961, 479, 479
#Iteration: 481, 35.4216, 34
#Iteration2: 481, 963, 480, 480
#Iteration: 482, 35.5814, 34
#Iteration2: 482, 965, 481, 481
#Iteration: 483, 35.7136, 34
#Iteration2: 483, 967, 482, 482
#Iteration: 484, 35.879, 34
#Iteration2: 484, 969, 483, 483
#Iteration: 485, 36.0127, 34
#Iteration2: 485, 971, 484, 484
#Iteration: 486, 36.1751, 34
#Iteration2: 486, 973, 485, 485
#Iteration: 487, 36.3093, 34
#Iteration2: 487, 975, 486, 486
#Iteration: 488, 36.4737, 34
#Iteration2: 488, 977, 487, 487
#Iteration: 489, 36.607, 34
#Iteration2: 489, 979, 488, 488
#Iteration: 490, 36.7712, 34
#Iteration2: 490, 981, 489, 489
#Iteration: 491, 36.9064, 34
#Iteration2: 491, 983, 490, 490
#Iteration: 492, 37.0701, 34
#Iteration2: 492, 985, 491, 491
#Iteration: 493, 37.2064, 34
#Iteration2: 493, 987, 492, 492
#Iteration: 494, 37.3723, 34
#Iteration2: 494, 989, 493, 493
#Iteration: 495, 37.5094, 34
#Iteration2: 495, 991, 494, 494
#Iteration: 496, 37.672, 34
#Iteration2: 496, 993, 495, 495
#Iteration: 497, 37.8083, 34
#Iteration2: 497, 995, 496, 496
#Iteration: 498, 37.9741, 34
#Iteration2: 498, 997, 497, 497
#Iteration: 499, 38.1104, 34
#Iteration2: 499, 999, 498, 498
--------------- WORKLIST ----------------
1 => DomInput(click@test1) => DomInput(click@test2) => DomInput(click@test2) => DomInput(click@test2) => DomInput(click@test2) => DomInput(click@test2) => DomInput(click@test2) => DomInput(click@test2) => DomInput(click@test2) => DomInput(click@test2) => DomInput(click@test2) => DomInput(click@test2) => DomInput(click@test2) => DomInput(click@test2) => DomInput(click@test2) => DomInput(click@test2) => DomInput(click@test2) => DomInput(click@test2) => DomInput(click@test2) => DomInput(click@test2) => DomInput(click@test2) => DomInput(click@test2) => DomInput(click@test2) => DomInput(click@test2) => DomInput(click@test2) => DomInput(click@test2) => DomInput(click@test2) => DomInput(click@test2) => DomInput(click@test2) => DomInput(click@test2) => DomInput(click@test2) => DomInput(click@test2) => DomInput(click@test2) => DomInput(click@test2) => DomInput(click@test2) => DomInput(click@test2) => DomInput(click@test2) => DomInput(click@test2) => DomInput(click@test2) => DomInput(click@test2) => DomInput(click@test2) => DomInput(click@test2) => DomInput(click@test2) => DomInput(click@test2) => DomInput(click@test2) => DomInput(click@test2) => DomInput(click@test2) => DomInput(click@test2) => DomInput(click@test2) => DomInput(click@test2) => DomInput(click@test2) => DomInput(click@test2) => DomInput(click@test2) => DomInput(click@test2) => DomInput(click@test2) => DomInput(click@test2) => DomInput(click@test2) => DomInput(click@test2) => DomInput(click@test2) => DomInput(click@test2) => DomInput(click@test2) => DomInput(click@test2) => DomInput(click@test2) => DomInput(click@test2) => DomInput(click@test2) => DomInput(click@test2) => DomInput(click@test2) => DomInput(click@test2) => DomInput(click@test2) => DomInput(click@test2) => DomInput(click@test2) => DomInput(click@test2) => DomInput(click@test2) => DomInput(click@test2) => DomInput(click@test2) => DomInput(click@test2) => DomInput(click@test2) => DomInput(click@test2) => DomInput(click@test2) => DomInput(click@test2) => DomInput(click@test2) => DomInput(click@test2) => DomInput(click@test2) => DomInput(click@test2) => DomInput(click@test2) => DomInput(click@test2) => DomInput(click@test2) => DomInput(click@test2) => DomInput(click@test2) => DomInput(click@test2) => DomInput(click@test2) => DomInput(click@test2) => DomInput(click@test2) => DomInput(click@test2) => DomInput(click@test2) => DomInput(click@test2) => DomInput(click@test2) => DomInput(click@test2) => DomInput(click@test2) => DomInput(click@test2) => DomInput(click@test2) => DomInput(click@test2) => DomInput(click@test2) => DomInput(click@test2) => DomInput(click@test2) => DomInput(click@test2) => DomInput(click@test2) => DomInput(click@test2) => DomInput(click@test2) => DomInput(click@test2) => DomInput(click@test2) => DomInput(click@test2) => DomInput(click@test2) => DomInput(click@test2) => DomInput(click@test2) => DomInput(click@test2) => DomInput(click@test2) => DomInput(click@test2) => DomInput(click@test2) => DomInput(click@test2) => DomInput(click@test2) => DomInput(click@test2) => DomInput(click@test2) => DomInput(click@test2) => DomInput(click@test2) => DomInput(click@test2) => DomInput(click@test2) => DomInput(click@test2) => DomInput(click@test2) => DomInput(click@test2) => DomInput(click@test2) => DomInput(click@test2) => DomInput(click@test2) => DomInput(click@test2) => DomInput(click@test2) => DomInput(click@test2) => DomInput(click@test2) => DomInput(click@test2) => DomInput(click@test2) => DomInput(click@test2) => DomInput(click@test2) => DomInput(click@test2) => DomInput(click@test2) => DomInput(click@test2) => DomInput(click@test2) => DomInput(click@test2) => DomInput(click@test2) => DomInput(click@test2) => DomInput(click@test2) => DomInput(click@test2) => DomInput(click@test2) => DomInput(click@test2) => DomInput(click@test2) => DomInput(click@test2) => DomInput(click@test2) => DomInput(click@test2) => DomInput(click@test2) => DomInput(click@test2) => DomInput(click@test2) => DomInput(click@test2) => DomInput(click@test2) => DomInput(click@test2) => DomInput(click@test2) => DomInput(click@test2) => DomInput(click@test2) => DomInput(click@test2) => DomInput(click@test2) => DomInput(click@test2) => DomInput(click@test2) => DomInput(click@test2) => DomInput(click@test2) => DomInput(click@test2) => DomInput(click@test2) => DomInput(click@test2) => DomInput(click@test2) => DomInput(click@test2) => DomInput(click@test2) => DomInput(click@test2) => DomInput(click@test2) => DomInput(click@test2) => DomInput(click@test2) => DomInput(click@test2) => DomInput(click@test2) => DomInput(click@test2) => DomInput(click@test2) => DomInput(click@test2) => DomInput(click@test2) => DomInput(click@test2) => DomInput(click@test2) => DomInput(click@test2) => DomInput(click@test2) => DomInput(click@test2) => DomInput(click@test2) => DomInput(click@test2) => DomInput(click@test2) => DomInput(click@test2) => DomInput(click@test2) => DomInput(click@test2) => DomInput(click@test2) => DomInput(click@test2) => DomInput(click@test2) => DomInput(click@test2) => DomInput(click@test2) => DomInput(click@test2) => DomInput(click@test2) => DomInput(click@test2) => DomInput(click@test2) => DomInput(click@test2) => DomInput(click@test2) => DomInput(click@test2) => DomInput(click@test2) => DomInput(click@test2) => DomInput(click@test2) => DomInput(click@test2) => DomInput(click@test2) => DomInput(click@test2) => DomInput(click@test2) => DomInput(click@test2) => DomInput(click@test2) => DomInput(click@test2) => DomInput(click@test2) => DomInput(click@test2) => DomInput(click@test2) => DomInput(click@test2) => DomInput(click@test2) => DomInput(click@test2) => DomInput(click@test2) => DomInput(click@test2) => DomInput(click@test2) => DomInput(click@test2) => DomInput(click@test2) => DomInput(click@test2) => DomInput(click@test2) => DomInput(click@test2) => DomInput(click@test2) => DomInput(click@test2) => DomInput(click@test2) => DomInput(click@test2) => DomInput(click@test2) => DomInput(click@test2) => DomInput(click@test2) => DomInput(click@test2) => DomInput(click@test2) => DomInput(click@test2) => DomInput(click@test2) => DomInput(click@test2) => DomInput(click@test2) => DomInput(click@test2) => DomInput(click@test2) => DomInput(click@test2) => 
1 => DomInput(click@test2) => DomInput(click@test2) => DomInput(click@test2) => DomInput(click@test2) => DomInput(click@test2) => DomInput(click@test2) => DomInput(click@test2) => DomInput(click@test2) => DomInput(click@test2) => DomInput(click@test2) => DomInput(click@test2) => DomInput(click@test2) => DomInput(click@test2) => DomInput(click@test2) => DomInput(click@test2) => DomInput(click@test2) => DomInput(click@test2) => DomInput(click@test2) => DomInput(click@test2) => DomInput(click@test2) => DomInput(click@test2) => DomInput(click@test2) => DomInput(click@test2) => DomInput(click@test2) => DomInput(click@test2) => DomInput(click@test2) => DomInput(click@test2) => DomInput(click@test2) => DomInput(click@test2) => DomInput(click@test2) => DomInput(click@test2) => DomInput(click@test2) => DomInput(click@test2) => DomInput(click@test2) => DomInput(click@test2) => DomInput(click@test2) => DomInput(click@test2) => DomInput(click@test2) => DomInput(click@test2) => DomInput(click@test2) => DomInput(click@test2) => DomInput(click@test2) => DomInput(click@test2) => DomInput(click@test2) => DomInput(click@test2) => DomInput(click@test2) => DomInput(click@test2) => DomInput(click@test2) => DomInput(click@test2) => DomInput(click@test2) => DomInput(click@test2) => DomInput(click@test2) => DomInput(click@test2) => DomInput(click@test2) => DomInput(click@test2) => DomInput(click@test2) => DomInput(click@test2) => DomInput(click@test2) => DomInput(click@test2) => DomInput(click@test2) => DomInput(click@test2) => DomInput(click@test2) => DomInput(click@test2) => DomInput(click@test2) => DomInput(click@test2) => DomInput(click@test2) => DomInput(click@test2) => DomInput(click@test2) => DomInput(click@test2) => DomInput(click@test2) => DomInput(click@test2) => DomInput(click@test2) => DomInput(click@test2) => DomInput(click@test2) => DomInput(click@test2) => DomInput(click@test2) => DomInput(click@test2) => DomInput(click@test2) => DomInput(click@test2) => DomInput(click@test2) => DomInput(click@test2) => DomInput(click@test2) => DomInput(click@test2) => DomInput(click@test2) => DomInput(click@test2) => DomInput(click@test2) => DomInput(click@test2) => DomInput(click@test2) => DomInput(click@test2) => DomInput(click@test2) => DomInput(click@test2) => DomInput(click@test2) => DomInput(click@test2) => DomInput(click@test2) => DomInput(click@test2) => DomInput(click@test2) => DomInput(click@test2) => DomInput(click@test2) => DomInput(click@test2) => DomInput(click@test2) => DomInput(click@test2) => DomInput(click@test2) => DomInput(click@test2) => DomInput(click@test2) => DomInput(click@test2) => DomInput(click@test2) => DomInput(click@test2) => DomInput(click@test2) => DomInput(click@test2) => DomInput(click@test2) => DomInput(click@test2) => DomInput(click@test2) => DomInput(click@test2) => DomInput(click@test2) => DomInput(click@test2) => DomInput(click@test2) => DomInput(click@test2) => DomInput(click@test2) => DomInput(click@test2) => DomInput(click@test2) => DomInput(click@test2) => DomInput(click@test2) => DomInput(click@test2) => DomInput(click@test2) => DomInput(click@test2) => DomInput(click@test2) => DomInput(click@test2) => DomInput(click@test2) => DomInput(click@test2) => DomInput(click@test2) => DomInput(click@test2) => DomInput(click@test2) => DomInput(click@test2) => DomInput(click@test2) => DomInput(click@test2) => DomInput(click@test2) => DomInput(click@test2) => DomInput(click@test2) => DomInput(click@test2) => DomInput(click@test2) => DomInput(click@test2) => DomInput(click@test2) => DomInput(click@test2) => DomInput(click@test2) => DomInput(click@test2) => DomInput(click@test2) => DomInput(click@test2) => DomInput(click@test2) => DomInput(click@test2) => DomInput(click@test2) => DomInput(click@test2) => DomInput(click@test2) => DomInput(click@test2) => DomInput(click@test2) => DomInput(click@test2) => DomInput(click@test2) => DomInput(click@test2) => DomInput(click@test2) => DomInput(click@test2) => DomInput(click@test2) => DomInput(click@test2) => DomInput(click@test2) => DomInput(click@test2) => DomInput(click@test2) => DomInput(click@test2) => DomInput(click@test2) => DomInput(click@test2) => DomInput(click@test2) => DomInput(click@test2) => DomInput(click@test2) => DomInput(click@test2) => DomInput(click@test2) => DomInput(click@test2) => DomInput(click@test2) => DomInput(click@test2) => DomInput(click@test2) => DomInput(click@test2) => DomInput(click@test2) => DomInput(click@test2) => DomInput(click@test2) => DomInput(click@test2) => DomInput(click@test2) => DomInput(click@test2) => DomInput(click@test2) => DomInput(click@test2) => DomInput(click@test2) => DomInput(click@test2) => DomInput(click@test2) => DomInput(click@test2) => DomInput(click@test2) => DomInput(click@test2) => DomInput(click@test2) => DomInput(click@test2) => DomInput(click@test2) => DomInput(click@test2) => DomInput(click@test2) => DomInput(click@test2) => DomInput(click@test2) => DomInput(click@test2) => DomInput(click@test2) => DomInput(click@test2) => DomInput(click@test2) => DomInput(click@test2) => DomInput(click@test2) => DomInput(click@test2) => DomInput(click@test2) => DomInput(click@test2) => DomInput(click@test2) => DomInput(click@test2) => DomInput(click@test2) => DomInput(click@test2) => DomInput(click@test2) => DomInput(click@test2) => DomInput(click@test2) => DomInput(click@test2) => DomInput(click@test2) => DomInput(click@test2) => DomInput(click@test2) => DomInput(click@test2) => DomInput(click@test2) => DomInput(click@test2) => DomInput(click@test2) => DomInput(click@test2) => DomInput(click@test2) => DomInput(click@test2) => DomInput(click@test2) => DomInput(click@test2) => DomInput(click@test2) => DomInput(click@test2) => DomInput(click@test2) => DomInput(click@test2) => DomInput(click@test2) => DomInput(click@test2) => DomInput(click@test2) => DomInput(click@test2) => DomInput(click@test2) => DomInput(click@test2) => DomInput(click@test2) => DomInput(click@test2) => DomInput(click@test2) => DomInput(click@test2) => DomInput(click@test2) => DomInput(click@test2) => DomInput(click@test2) => DomInput(click@test2) => DomInput(click@test2) => DomInput(click@test2) => DomInput(click@test2) => DomInput(click@test2) => DomInput(click@test2) => 
Artemis: Testing done...
=== Coverage information for execution ===
Coverage for source located at URL: file:////home/chungha/web-project/project_test/benchmarks/paperExamples/case1/index.html  line 
   
>>>    var c=false;
>>>    var x = 1;
>>>    var y = 1;
>>>    var a = 1;
>>>    var b1 = document.getElementById('test1');
>>>    b1.addEventListener("click", function(evt) {
>>>        c = true;
       });
>>>    var b2 = document.getElementById('test2');
       function d1(evt)
       {
>>>        if (c) {
>>>            x = x + 1;
>>>            console.log(x);
>>>            if (x>5) {
                   // I assume there is bunch of lines here...
>>>                a=2;
>>>                a=2;
>>>                a=2;
>>>                a=2;
>>>                a=2;
>>>                a=2;
>>>                a=2;
>>>                a=2;
>>>                a=2;
>>>                console.log("make an error!");
               }
           } else {
               // I assume there is bunch of lines here...
>>>            a=2;
>>>            a=2;
>>>            a=2;
>>>            a=2;
>>>            a=2;
>>>            a=2;
>>>            a=2;
>>>            a=2;
>>>            a=2;
>>>            y = y + 1;
           }
       }
>>>    d2 = d1;
>>>    b2.onclick = d2; 
       
#Iteration: 500, 38.2805, 34
#Iteration2: 500, 1001, 499, 499

=== Statistics ===

WebKit::coverage::covered-unique: 34
InputGenerator::added-configurations: 1000
WebKit::writtenproperties: 617840
WebKit::coverage::covered: 772975
WebKit::readproperties: 313770

=== Statistics END ===


Artemis terminated on: Thu Mar 3 16:05:59 2016
